{"/Users/ajinkyasawale/Desktop/CSCD CA1/app.js": {"path":"/Users/ajinkyasawale/Desktop/CSCD CA1/app.js","statementMap":{"0":{"start":{"line":2,"column":26},"end":{"line":7,"column":2}},"1":{"start":{"line":11,"column":12},"end":{"line":11,"column":28}},"2":{"start":{"line":12,"column":12},"end":{"line":12,"column":29}},"3":{"start":{"line":15,"column":2},"end":{"line":25,"column":null}},"4":{"start":{"line":24,"column":4},"end":{"line":24,"column":null}},"5":{"start":{"line":28,"column":2},"end":{"line":30,"column":null}},"6":{"start":{"line":29,"column":4},"end":{"line":29,"column":null}},"7":{"start":{"line":33,"column":2},"end":{"line":35,"column":null}},"8":{"start":{"line":34,"column":4},"end":{"line":34,"column":null}},"9":{"start":{"line":38,"column":2},"end":{"line":40,"column":null}},"10":{"start":{"line":39,"column":4},"end":{"line":39,"column":null}},"11":{"start":{"line":43,"column":2},"end":{"line":43,"column":null}},"12":{"start":{"line":48,"column":12},"end":{"line":48,"column":28}},"13":{"start":{"line":49,"column":12},"end":{"line":49,"column":29}},"14":{"start":{"line":50,"column":16},"end":{"line":50,"column":21}},"15":{"start":{"line":52,"column":2},"end":{"line":55,"column":null}},"16":{"start":{"line":59,"column":0},"end":{"line":88,"column":null}},"17":{"start":{"line":60,"column":15},"end":{"line":60,"column":49}},"18":{"start":{"line":61,"column":19},"end":{"line":61,"column":49}},"19":{"start":{"line":62,"column":19},"end":{"line":62,"column":49}},"20":{"start":{"line":63,"column":19},"end":{"line":63,"column":52}},"21":{"start":{"line":65,"column":2},"end":{"line":87,"column":null}},"22":{"start":{"line":66,"column":4},"end":{"line":86,"column":null}},"23":{"start":{"line":67,"column":6},"end":{"line":67,"column":null}},"24":{"start":{"line":69,"column":16},"end":{"line":69,"column":38}},"25":{"start":{"line":70,"column":16},"end":{"line":70,"column":38}},"26":{"start":{"line":72,"column":6},"end":{"line":85,"column":null}},"27":{"start":{"line":73,"column":25},"end":{"line":73,"column":41}},"28":{"start":{"line":74,"column":22},"end":{"line":74,"column":48}},"29":{"start":{"line":76,"column":8},"end":{"line":78,"column":null}},"30":{"start":{"line":81,"column":10},"end":{"line":83,"column":45}},"31":{"start":{"line":84,"column":8},"end":{"line":84,"column":null}}},"fnMap":{"0":{"name":"classifyBp","decl":{"start":{"line":10,"column":16},"end":{"line":10,"column":26}},"loc":{"start":{"line":10,"column":48},"end":{"line":44,"column":null}},"line":10},"1":{"name":"computePulsePressure","decl":{"start":{"line":47,"column":16},"end":{"line":47,"column":36}},"loc":{"start":{"line":47,"column":58},"end":{"line":56,"column":null}},"line":47},"2":{"name":"(anonymous_2)","decl":{"start":{"line":66,"column":36},"end":{"line":66,"column":37}},"loc":{"start":{"line":66,"column":47},"end":{"line":86,"column":5}},"line":66}},"branchMap":{"0":{"loc":{"start":{"line":15,"column":2},"end":{"line":25,"column":null}},"type":"if","locations":[{"start":{"line":15,"column":2},"end":{"line":25,"column":null}},{"start":{},"end":{}}],"line":15},"1":{"loc":{"start":{"line":16,"column":4},"end":{"line":22,"column":10}},"type":"binary-expr","locations":[{"start":{"line":16,"column":4},"end":{"line":16,"column":19}},{"start":{"line":17,"column":4},"end":{"line":17,"column":19}},{"start":{"line":18,"column":4},"end":{"line":18,"column":10}},{"start":{"line":19,"column":4},"end":{"line":19,"column":11}},{"start":{"line":20,"column":4},"end":{"line":20,"column":10}},{"start":{"line":21,"column":4},"end":{"line":21,"column":11}},{"start":{"line":22,"column":4},"end":{"line":22,"column":10}}],"line":16},"2":{"loc":{"start":{"line":28,"column":2},"end":{"line":30,"column":null}},"type":"if","locations":[{"start":{"line":28,"column":2},"end":{"line":30,"column":null}},{"start":{},"end":{}}],"line":28},"3":{"loc":{"start":{"line":28,"column":6},"end":{"line":28,"column":25}},"type":"binary-expr","locations":[{"start":{"line":28,"column":6},"end":{"line":28,"column":14}},{"start":{"line":28,"column":18},"end":{"line":28,"column":25}}],"line":28},"4":{"loc":{"start":{"line":33,"column":2},"end":{"line":35,"column":null}},"type":"if","locations":[{"start":{"line":33,"column":2},"end":{"line":35,"column":null}},{"start":{},"end":{}}],"line":33},"5":{"loc":{"start":{"line":33,"column":6},"end":{"line":33,"column":25}},"type":"binary-expr","locations":[{"start":{"line":33,"column":6},"end":{"line":33,"column":14}},{"start":{"line":33,"column":18},"end":{"line":33,"column":25}}],"line":33},"6":{"loc":{"start":{"line":38,"column":2},"end":{"line":40,"column":null}},"type":"if","locations":[{"start":{"line":38,"column":2},"end":{"line":40,"column":null}},{"start":{},"end":{}}],"line":38},"7":{"loc":{"start":{"line":38,"column":6},"end":{"line":38,"column":47}},"type":"binary-expr","locations":[{"start":{"line":38,"column":6},"end":{"line":38,"column":13}},{"start":{"line":38,"column":17},"end":{"line":38,"column":25}},{"start":{"line":38,"column":29},"end":{"line":38,"column":36}},{"start":{"line":38,"column":40},"end":{"line":38,"column":47}}],"line":38},"8":{"loc":{"start":{"line":59,"column":0},"end":{"line":88,"column":null}},"type":"if","locations":[{"start":{"line":59,"column":0},"end":{"line":88,"column":null}},{"start":{},"end":{}}],"line":59},"9":{"loc":{"start":{"line":65,"column":2},"end":{"line":87,"column":null}},"type":"if","locations":[{"start":{"line":65,"column":2},"end":{"line":87,"column":null}},{"start":{},"end":{}}],"line":65},"10":{"loc":{"start":{"line":65,"column":6},"end":{"line":65,"column":46}},"type":"binary-expr","locations":[{"start":{"line":65,"column":6},"end":{"line":65,"column":10}},{"start":{"line":65,"column":14},"end":{"line":65,"column":22}},{"start":{"line":65,"column":26},"end":{"line":65,"column":34}},{"start":{"line":65,"column":38},"end":{"line":65,"column":46}}],"line":65},"11":{"loc":{"start":{"line":78,"column":11},"end":{"line":78,"column":40}},"type":"cond-expr","locations":[{"start":{"line":78,"column":26},"end":{"line":78,"column":35}},{"start":{"line":78,"column":38},"end":{"line":78,"column":40}}],"line":78},"12":{"loc":{"start":{"line":81,"column":10},"end":{"line":83,"column":45}},"type":"cond-expr","locations":[{"start":{"line":82,"column":14},"end":{"line":82,"column":null}},{"start":{"line":83,"column":14},"end":{"line":83,"column":45}}],"line":81}},"s":{"0":1,"1":10,"2":10,"3":10,"4":2,"5":8,"6":1,"7":7,"8":2,"9":5,"10":3,"11":2,"12":3,"13":3,"14":3,"15":3,"16":1,"17":1,"18":1,"19":1,"20":1,"21":1,"22":0,"23":0,"24":0,"25":0,"26":0,"27":0,"28":0,"29":0,"30":0,"31":0},"f":{"0":10,"1":3,"2":0},"b":{"0":[2,8],"1":[10,9,9,9,9,8,8],"2":[1,7],"3":[8,7],"4":[2,5],"5":[7,5],"6":[3,2],"7":[5,3,3,3],"8":[1,0],"9":[0,1],"10":[1,0,0,0],"11":[0,0],"12":[0,0]},"meta":{"lastBranch":13,"lastFunction":3,"lastStatement":32,"seen":{"s:2:26:7:2":0,"f:10:16:10:26":0,"s:11:12:11:28":1,"s:12:12:12:29":2,"b:15:2:25:Infinity:undefined:undefined:undefined:undefined":0,"s:15:2:25:Infinity":3,"b:16:4:16:19:17:4:17:19:18:4:18:10:19:4:19:11:20:4:20:10:21:4:21:11:22:4:22:10":1,"s:24:4:24:Infinity":4,"b:28:2:30:Infinity:undefined:undefined:undefined:undefined":2,"s:28:2:30:Infinity":5,"b:28:6:28:14:28:18:28:25":3,"s:29:4:29:Infinity":6,"b:33:2:35:Infinity:undefined:undefined:undefined:undefined":4,"s:33:2:35:Infinity":7,"b:33:6:33:14:33:18:33:25":5,"s:34:4:34:Infinity":8,"b:38:2:40:Infinity:undefined:undefined:undefined:undefined":6,"s:38:2:40:Infinity":9,"b:38:6:38:13:38:17:38:25:38:29:38:36:38:40:38:47":7,"s:39:4:39:Infinity":10,"s:43:2:43:Infinity":11,"f:47:16:47:36":1,"s:48:12:48:28":12,"s:49:12:49:29":13,"s:50:16:50:21":14,"s:52:2:55:Infinity":15,"b:59:0:88:Infinity:undefined:undefined:undefined:undefined":8,"s:59:0:88:Infinity":16,"s:60:15:60:49":17,"s:61:19:61:49":18,"s:62:19:62:49":19,"s:63:19:63:52":20,"b:65:2:87:Infinity:undefined:undefined:undefined:undefined":9,"s:65:2:87:Infinity":21,"b:65:6:65:10:65:14:65:22:65:26:65:34:65:38:65:46":10,"s:66:4:86:Infinity":22,"f:66:36:66:37":2,"s:67:6:67:Infinity":23,"s:69:16:69:38":24,"s:70:16:70:38":25,"s:72:6:85:Infinity":26,"s:73:25:73:41":27,"s:74:22:74:48":28,"s:76:8:78:Infinity":29,"b:78:26:78:35:78:38:78:40":11,"s:81:10:83:45":30,"b:82:14:82:Infinity:83:14:83:45":12,"s:84:8:84:Infinity":31}}}
}
