TN:
SF:app.js
FN:11,classifyBp
FN:48,computePulsePressure
FN:61,computeMAP
FNF:3
FNH:3
FNDA:15,classifyBp
FNDA:4,computePulsePressure
FNDA:6,computeMAP
DA:3,2
DA:12,15
DA:13,15
DA:16,15
DA:25,4
DA:29,11
DA:30,3
DA:34,8
DA:35,3
DA:39,5
DA:40,3
DA:44,2
DA:49,4
DA:50,4
DA:51,4
DA:53,4
DA:62,6
DA:63,6
DA:65,6
DA:74,3
DA:77,3
LF:21
LH:21
BRDA:16,0,0,4
BRDA:16,0,1,11
BRDA:17,1,0,15
BRDA:17,1,1,14
BRDA:17,1,2,14
BRDA:17,1,3,13
BRDA:17,1,4,13
BRDA:17,1,5,12
BRDA:17,1,6,11
BRDA:29,2,0,3
BRDA:29,2,1,8
BRDA:29,3,0,11
BRDA:29,3,1,8
BRDA:34,4,0,3
BRDA:34,4,1,5
BRDA:34,5,0,8
BRDA:34,5,1,5
BRDA:39,6,0,3
BRDA:39,6,1,2
BRDA:39,7,0,5
BRDA:39,7,1,3
BRDA:39,7,2,3
BRDA:39,7,3,3
BRDA:65,8,0,3
BRDA:65,8,1,3
BRDA:66,9,0,6
BRDA:66,9,1,5
BRDA:66,9,2,4
BRDA:66,9,3,4
BRDA:66,9,4,4
BRDA:66,9,5,4
BRDA:66,9,6,4
BRF:32
BRH:32
end_of_record
TN:
SF:telemetry.js
FN:7,getSafeStorage
FN:23,readTelemetryEvents
FN:38,clearTelemetryEvents
FN:52,recordEvent
FNF:4
FNH:4
FNDA:8,getSafeStorage
FNDA:3,readTelemetryEvents
FNDA:2,clearTelemetryEvents
FNDA:3,recordEvent
DA:3,2
DA:8,8
DA:10,8
DA:11,8
DA:13,7
DA:14,7
DA:15,7
DA:16,7
DA:18,0
DA:24,3
DA:25,3
DA:27,3
DA:28,3
DA:29,3
DA:30,1
DA:31,1
DA:33,0
DA:39,2
DA:40,2
DA:42,2
DA:43,2
DA:53,3
DA:61,3
DA:63,3
DA:64,3
DA:67,1
DA:70,2
DA:71,2
DA:72,2
DA:73,2
LF:30
LH:28
BRDA:11,0,0,1
BRDA:11,0,1,7
BRDA:25,1,0,0
BRDA:25,1,1,3
BRDA:29,2,0,2
BRDA:29,2,1,1
BRDA:31,3,0,1
BRDA:31,3,1,0
BRDA:40,4,0,0
BRDA:40,4,1,2
BRDA:52,5,0,3
BRDA:64,6,0,1
BRDA:64,6,1,2
BRF:13
BRH:10
end_of_record
TN:
SF:ui.js
FN:7,initUI
FN:18,(anonymous_1)
FN:47,(anonymous_2)
FNF:3
FNH:3
FNDA:6,initUI
FNDA:11,(anonymous_1)
FNDA:1,(anonymous_2)
DA:8,6
DA:9,6
DA:11,5
DA:12,5
DA:13,5
DA:14,5
DA:15,5
DA:16,5
DA:18,5
DA:19,11
DA:20,11
DA:22,11
DA:25,11
DA:26,11
DA:28,11
DA:29,2
DA:30,2
DA:33,11
DA:34,2
DA:35,2
DA:38,11
DA:39,11
DA:43,5
DA:44,5
DA:47,5
DA:48,1
DA:49,1
DA:51,1
DA:52,1
DA:54,1
DA:55,1
DA:56,1
DA:57,1
DA:58,1
DA:60,1
DA:66,1
DA:75,0
DA:82,5
DA:83,5
DA:84,5
DA:88,1
DA:89,1
LF:42
LH:41
BRDA:7,0,0,6
BRDA:9,1,0,1
BRDA:9,1,1,5
BRDA:28,2,0,2
BRDA:28,2,1,9
BRDA:28,3,0,11
BRDA:28,3,1,11
BRDA:28,3,2,11
BRDA:28,3,3,9
BRDA:33,4,0,2
BRDA:33,4,1,9
BRDA:33,5,0,11
BRDA:33,5,1,11
BRDA:33,5,2,11
BRDA:33,5,3,9
BRDA:49,6,0,0
BRDA:49,6,1,1
BRDA:62,7,0,0
BRDA:62,7,1,1
BRDA:76,8,0,0
BRDA:76,8,1,0
BRDA:88,9,0,1
BRDA:88,9,1,0
BRF:23
BRH:18
end_of_record
